[2020-03-01T20:16:37.692] [DEBUG] cheese - login => username:admin,password:123
[2020-03-01T20:16:37.693] [DEBUG] cheese - admin
[2020-03-01T20:16:37.704] [DEBUG] cheese - null
[2020-03-01T20:16:37.704] [DEBUG] cheese - null
[2020-03-01T20:17:04.040] [DEBUG] cheese - login => username:admin,password:admin
[2020-03-01T20:17:04.040] [DEBUG] cheese - admin
[2020-03-01T20:17:04.044] [DEBUG] cheese - null
[2020-03-01T20:17:04.044] [DEBUG] cheese - null
[2020-03-01T20:17:27.033] [DEBUG] cheese - login => username:admin,password:123456
[2020-03-01T20:17:27.034] [DEBUG] cheese - admin
[2020-03-01T20:17:27.036] [DEBUG] cheese - null
[2020-03-01T20:17:27.036] [DEBUG] cheese - null
[2020-03-01T20:18:33.998] [DEBUG] cheese - login => username:admin,password:123456
[2020-03-01T20:18:33.999] [DEBUG] cheese - admin
[2020-03-01T20:18:34.001] [DEBUG] cheese - null
[2020-03-01T20:18:34.001] [DEBUG] cheese - null
[2020-03-02T09:00:06.705] [DEBUG] cheese - login => username:admin,password:123456
[2020-03-02T09:00:06.710] [DEBUG] cheese - admin
[2020-03-02T09:00:06.741] [DEBUG] cheese - null
[2020-03-02T09:00:06.743] [DEBUG] cheese - null
[2020-03-02T19:45:13.425] [DEBUG] cheese - login => username:admin,password:123456
[2020-03-02T19:45:13.426] [DEBUG] cheese - admin
[2020-03-02T19:45:13.438] [DEBUG] cheese - null
[2020-03-02T19:45:13.438] [DEBUG] cheese - null
[2020-03-02T20:44:16.605] [DEBUG] cheese - login => username:123,password:asdasd
[2020-03-02T20:44:16.606] [DEBUG] cheese - 123
[2020-03-02T20:44:16.609] [DEBUG] cheese - null
[2020-03-02T20:44:16.609] [DEBUG] cheese - null
[2020-03-02T20:46:34.450] [DEBUG] cheese - login => username:123,password:asdasfggad
[2020-03-02T20:46:34.450] [DEBUG] cheese - 123
[2020-03-02T20:46:34.453] [DEBUG] cheese - null
[2020-03-02T20:46:34.453] [DEBUG] cheese - null
[2020-03-02T20:47:07.567] [DEBUG] cheese - login => username:123123,password:asdasdf
[2020-03-02T20:47:07.567] [DEBUG] cheese - 123123
[2020-03-02T20:47:07.569] [DEBUG] cheese - null
[2020-03-02T20:47:07.569] [DEBUG] cheese - null
[2020-03-02T20:47:13.799] [DEBUG] cheese - login => username:admin,password:asdasdf
[2020-03-02T20:47:13.799] [DEBUG] cheese - admin
[2020-03-02T20:47:13.804] [DEBUG] cheese - null
[2020-03-02T20:47:13.804] [DEBUG] cheese - null
[2020-03-02T20:47:18.719] [DEBUG] cheese - login => username:admin,password:123456
[2020-03-02T20:47:18.719] [DEBUG] cheese - admin
[2020-03-02T20:47:18.722] [DEBUG] cheese - null
[2020-03-02T20:47:18.722] [DEBUG] cheese - null
[2020-03-02T20:56:08.111] [DEBUG] cheese - login => username:admin,password:123456
[2020-03-02T20:56:08.111] [DEBUG] cheese - admin
[2020-03-02T20:56:08.114] [DEBUG] cheese - null
[2020-03-02T20:56:08.114] [DEBUG] cheese - null
[2020-03-02T21:21:14.199] [DEBUG] cheese - login => username:admin,password:123456
[2020-03-02T21:21:14.199] [DEBUG] cheese - admin
[2020-03-02T21:21:14.204] [DEBUG] cheese - null
[2020-03-02T21:21:14.204] [DEBUG] cheese - null
[2020-03-03T08:56:37.986] [DEBUG] cheese - login => username:admin,password:123456
[2020-03-03T08:56:37.988] [DEBUG] cheese - admin
[2020-03-03T08:56:38.003] [DEBUG] cheese - null
[2020-03-03T08:56:38.004] [DEBUG] cheese - null
[2020-03-03T09:35:34.898] [DEBUG] cheese - login => username:admin,password:123456
[2020-03-03T09:35:34.898] [DEBUG] cheese - admin
[2020-03-03T09:35:34.903] [DEBUG] cheese - null
[2020-03-03T09:35:34.903] [DEBUG] cheese - null
[2020-03-03T11:48:40.135] [DEBUG] cheese - login => username:admin,password:123456
[2020-03-03T11:48:40.136] [DEBUG] cheese - admin
[2020-03-03T11:48:40.140] [DEBUG] cheese - null
[2020-03-03T11:48:40.140] [DEBUG] cheese - null
[2020-03-03T12:49:35.118] [DEBUG] cheese - login => username:admin,password:123456
[2020-03-03T12:49:35.118] [DEBUG] cheese - admin
[2020-03-03T12:49:35.122] [DEBUG] cheese - null
[2020-03-03T12:49:35.122] [DEBUG] cheese - null
[2020-03-03T15:20:48.145] [DEBUG] cheese - login => username:admin,password:123456
[2020-03-03T15:20:48.145] [DEBUG] cheese - admin
[2020-03-03T15:20:48.148] [DEBUG] cheese - null
[2020-03-03T15:20:48.148] [DEBUG] cheese - null
[2020-03-03T15:42:26.425] [DEBUG] cheese - login => username:admin,password:123456
[2020-03-03T15:42:26.425] [DEBUG] cheese - admin
[2020-03-03T15:42:26.429] [DEBUG] cheese - null
[2020-03-03T15:42:26.430] [DEBUG] cheese - null
[2020-03-03T16:23:48.669] [DEBUG] cheese - login => username:asd,password:qweqwasd
[2020-03-03T16:23:48.669] [DEBUG] cheese - asd
[2020-03-03T16:23:48.671] [DEBUG] cheese - null
[2020-03-03T16:23:48.671] [DEBUG] cheese - null
[2020-03-03T16:23:58.764] [DEBUG] cheese - login => username:admin,password:asdoijasdioajsi
[2020-03-03T16:23:58.764] [DEBUG] cheese - admin
[2020-03-03T16:23:58.766] [DEBUG] cheese - null
[2020-03-03T16:23:58.766] [DEBUG] cheese - null
[2020-03-03T16:24:02.717] [DEBUG] cheese - login => username:admin,password:123456
[2020-03-03T16:24:02.717] [DEBUG] cheese - admin
[2020-03-03T16:24:02.720] [DEBUG] cheese - null
[2020-03-03T16:24:02.720] [DEBUG] cheese - null
[2020-03-03T17:05:21.050] [DEBUG] cheese - login => username:admin,password:123456
[2020-03-03T17:05:21.050] [DEBUG] cheese - admin
[2020-03-03T17:05:21.054] [DEBUG] cheese - null
[2020-03-03T17:05:21.054] [DEBUG] cheese - null
[2020-03-04T08:47:24.187] [DEBUG] cheese - login => username:admin,password:123456
[2020-03-04T08:47:24.188] [DEBUG] cheese - admin
[2020-03-04T08:47:24.203] [DEBUG] cheese - null
[2020-03-04T08:47:24.203] [DEBUG] cheese - null
[2020-03-04T20:42:02.023] [DEBUG] cheese - null
[2020-03-04T20:42:12.174] [DEBUG] cheese - null
[2020-03-04T20:45:13.161] [DEBUG] cheese - null
[2020-03-04T20:54:25.068] [DEBUG] cheese - null
[2020-03-04T20:54:29.160] [DEBUG] cheese - null
[2020-03-04T20:54:33.857] [DEBUG] cheese - null
[2020-03-04T20:54:37.504] [DEBUG] cheese - null
[2020-03-05T10:03:36.752] [DEBUG] cheese - login => username:admin,password:123456
[2020-03-05T10:03:36.753] [DEBUG] cheese - admin
[2020-03-05T10:03:36.769] [DEBUG] cheese - null
[2020-03-05T10:03:36.769] [DEBUG] cheese - null
[2020-03-06T09:10:50.082] [DEBUG] cheese - login => username:admin,password:123456
[2020-03-06T09:10:50.084] [DEBUG] cheese - admin
[2020-03-06T09:10:50.099] [DEBUG] cheese - null
[2020-03-06T09:10:50.100] [DEBUG] cheese - null
[2020-03-07T10:24:04.405] [DEBUG] cheese - login => username:admin,password:123456
[2020-03-07T10:24:04.407] [DEBUG] cheese - admin
[2020-03-07T10:24:04.422] [DEBUG] cheese - null
[2020-03-07T10:24:04.423] [DEBUG] cheese - null
[2020-03-08T13:09:48.867] [DEBUG] cheese - login => username:admin,password:123456
[2020-03-08T13:09:48.869] [DEBUG] cheese - admin
[2020-03-08T13:09:48.885] [DEBUG] cheese - null
[2020-03-08T13:09:48.886] [DEBUG] cheese - null
[2020-03-08T23:47:05.120] [DEBUG] cheese - null
[2020-03-08T23:47:58.839] [DEBUG] cheese - null
[2020-03-16T00:08:07.000] [DEBUG] cheese - login => username:admin,password:123456
[2020-03-16T00:08:07.002] [DEBUG] cheese - admin
[2020-03-16T00:08:07.020] [DEBUG] cheese - null
[2020-03-16T00:08:07.021] [DEBUG] cheese - null
